D:\MVS2019\MVS2017Prog\Common7\IDE\VC\VCTargets\Platforms\Win32\PlatformToolsets\v141_xp\Toolset.targets(39,5): warning MSB8051: поддержка Windows XP прекращена, ее не будет в последующих выпусках Visual Studio. Дополнительные сведения: https://go.microsoft.com/fwlink/?linkid=2023588.
  Скопировано файлов: 1.
  Скопировано файлов: 1.
  Скопировано файлов: 2.
  Скопировано файлов: 1.
  Скопировано файлов: 1.
  Скопировано файлов: 1.
  Скопировано файлов: 1.
  Скопировано файлов: 2.
  Скопировано файлов: 2.
  Скопировано файлов: 2.
  Скопировано файлов: 2.
  Скопировано файлов: 2.
  Скопировано файлов: 2.
  Скопировано файлов: 6.
  Скопировано файлов: 2.
  Скопировано файлов: 1.
  Скопировано файлов: 1.
  Скопировано файлов: 1.
  Скопировано файлов: 4.
  Скопировано файлов: 2.
libtiff.lib(tif_win32.obj) : warning LNK4075: не учитывается "/EDITANDCONTINUE" из-за спецификации "/INCREMENTAL:NO"
     Создается библиотека C:\Android\Cocos\cocos2d-x-3.17.2\NEW_PROJECTS_DIR\MyGame\proj.win32\Debug.win32\libcocos2d.lib и объект C:\Android\Cocos\cocos2d-x-3.17.2\NEW_PROJECTS_DIR\MyGame\proj.win32\Debug.win32\libcocos2d.exp
LINK : warning LNK4098: библиотека по умолчанию "LIBCMT" противоречит использованию других библиотек; используйте параметр /NODEFAULTLIB:library
LINK : warning LNK4098: библиотека по умолчанию "MSVCRT" противоречит использованию других библиотек; используйте параметр /NODEFAULTLIB:library
libtiff.lib(tif_aux.obj) : warning LNK4099: "vc140.pdb" PDB не найден с "libtiff.lib(tif_aux.obj)" или на "C:\Android\Cocos\cocos2d-x-3.17.2\NEW_PROJECTS_DIR\MyGame\proj.win32\Debug.win32\vc140.pdb"; компоновка объекта выполняется как при отсутствии отладочных данных
libtiff.lib(tif_close.obj) : warning LNK4099: "vc140.pdb" PDB не найден с "libtiff.lib(tif_close.obj)" или на "C:\Android\Cocos\cocos2d-x-3.17.2\NEW_PROJECTS_DIR\MyGame\proj.win32\Debug.win32\vc140.pdb"; компоновка объекта выполняется как при отсутствии отладочных данных
libtiff.lib(tif_codec.obj) : warning LNK4099: "vc140.pdb" PDB не найден с "libtiff.lib(tif_codec.obj)" или на "C:\Android\Cocos\cocos2d-x-3.17.2\NEW_PROJECTS_DIR\MyGame\proj.win32\Debug.win32\vc140.pdb"; компоновка объекта выполняется как при отсутствии отладочных данных
libtiff.lib(tif_color.obj) : warning LNK4099: "vc140.pdb" PDB не найден с "libtiff.lib(tif_color.obj)" или на "C:\Android\Cocos\cocos2d-x-3.17.2\NEW_PROJECTS_DIR\MyGame\proj.win32\Debug.win32\vc140.pdb"; компоновка объекта выполняется как при отсутствии отладочных данных
libtiff.lib(tif_compress.obj) : warning LNK4099: "vc140.pdb" PDB не найден с "libtiff.lib(tif_compress.obj)" или на "C:\Android\Cocos\cocos2d-x-3.17.2\NEW_PROJECTS_DIR\MyGame\proj.win32\Debug.win32\vc140.pdb"; компоновка объекта выполняется как при отсутствии отладочных данных
libtiff.lib(tif_dir.obj) : warning LNK4099: "vc140.pdb" PDB не найден с "libtiff.lib(tif_dir.obj)" или на "C:\Android\Cocos\cocos2d-x-3.17.2\NEW_PROJECTS_DIR\MyGame\proj.win32\Debug.win32\vc140.pdb"; компоновка объекта выполняется как при отсутствии отладочных данных
libtiff.lib(tif_dirinfo.obj) : warning LNK4099: "vc140.pdb" PDB не найден с "libtiff.lib(tif_dirinfo.obj)" или на "C:\Android\Cocos\cocos2d-x-3.17.2\NEW_PROJECTS_DIR\MyGame\proj.win32\Debug.win32\vc140.pdb"; компоновка объекта выполняется как при отсутствии отладочных данных
libtiff.lib(tif_dirread.obj) : warning LNK4099: "vc140.pdb" PDB не найден с "libtiff.lib(tif_dirread.obj)" или на "C:\Android\Cocos\cocos2d-x-3.17.2\NEW_PROJECTS_DIR\MyGame\proj.win32\Debug.win32\vc140.pdb"; компоновка объекта выполняется как при отсутствии отладочных данных
libtiff.lib(tif_dirwrite.obj) : warning LNK4099: "vc140.pdb" PDB не найден с "libtiff.lib(tif_dirwrite.obj)" или на "C:\Android\Cocos\cocos2d-x-3.17.2\NEW_PROJECTS_DIR\MyGame\proj.win32\Debug.win32\vc140.pdb"; компоновка объекта выполняется как при отсутствии отладочных данных
libtiff.lib(tif_dumpmode.obj) : warning LNK4099: "vc140.pdb" PDB не найден с "libtiff.lib(tif_dumpmode.obj)" или на "C:\Android\Cocos\cocos2d-x-3.17.2\NEW_PROJECTS_DIR\MyGame\proj.win32\Debug.win32\vc140.pdb"; компоновка объекта выполняется как при отсутствии отладочных данных
libtiff.lib(tif_error.obj) : warning LNK4099: "vc140.pdb" PDB не найден с "libtiff.lib(tif_error.obj)" или на "C:\Android\Cocos\cocos2d-x-3.17.2\NEW_PROJECTS_DIR\MyGame\proj.win32\Debug.win32\vc140.pdb"; компоновка объекта выполняется как при отсутствии отладочных данных
libtiff.lib(tif_fax3.obj) : warning LNK4099: "vc140.pdb" PDB не найден с "libtiff.lib(tif_fax3.obj)" или на "C:\Android\Cocos\cocos2d-x-3.17.2\NEW_PROJECTS_DIR\MyGame\proj.win32\Debug.win32\vc140.pdb"; компоновка объекта выполняется как при отсутствии отладочных данных
libtiff.lib(tif_fax3sm.obj) : warning LNK4099: "vc140.pdb" PDB не найден с "libtiff.lib(tif_fax3sm.obj)" или на "C:\Android\Cocos\cocos2d-x-3.17.2\NEW_PROJECTS_DIR\MyGame\proj.win32\Debug.win32\vc140.pdb"; компоновка объекта выполняется как при отсутствии отладочных данных
libtiff.lib(tif_getimage.obj) : warning LNK4099: "vc140.pdb" PDB не найден с "libtiff.lib(tif_getimage.obj)" или на "C:\Android\Cocos\cocos2d-x-3.17.2\NEW_PROJECTS_DIR\MyGame\proj.win32\Debug.win32\vc140.pdb"; компоновка объекта выполняется как при отсутствии отладочных данных
libtiff.lib(tif_flush.obj) : warning LNK4099: "vc140.pdb" PDB не найден с "libtiff.lib(tif_flush.obj)" или на "C:\Android\Cocos\cocos2d-x-3.17.2\NEW_PROJECTS_DIR\MyGame\proj.win32\Debug.win32\vc140.pdb"; компоновка объекта выполняется как при отсутствии отладочных данных
libtiff.lib(tif_luv.obj) : warning LNK4099: "vc140.pdb" PDB не найден с "libtiff.lib(tif_luv.obj)" или на "C:\Android\Cocos\cocos2d-x-3.17.2\NEW_PROJECTS_DIR\MyGame\proj.win32\Debug.win32\vc140.pdb"; компоновка объекта выполняется как при отсутствии отладочных данных
libtiff.lib(tif_lzw.obj) : warning LNK4099: "vc140.pdb" PDB не найден с "libtiff.lib(tif_lzw.obj)" или на "C:\Android\Cocos\cocos2d-x-3.17.2\NEW_PROJECTS_DIR\MyGame\proj.win32\Debug.win32\vc140.pdb"; компоновка объекта выполняется как при отсутствии отладочных данных
libtiff.lib(tif_next.obj) : warning LNK4099: "vc140.pdb" PDB не найден с "libtiff.lib(tif_next.obj)" или на "C:\Android\Cocos\cocos2d-x-3.17.2\NEW_PROJECTS_DIR\MyGame\proj.win32\Debug.win32\vc140.pdb"; компоновка объекта выполняется как при отсутствии отладочных данных
libtiff.lib(tif_open.obj) : warning LNK4099: "vc140.pdb" PDB не найден с "libtiff.lib(tif_open.obj)" или на "C:\Android\Cocos\cocos2d-x-3.17.2\NEW_PROJECTS_DIR\MyGame\proj.win32\Debug.win32\vc140.pdb"; компоновка объекта выполняется как при отсутствии отладочных данных
libtiff.lib(tif_packbits.obj) : warning LNK4099: "vc140.pdb" PDB не найден с "libtiff.lib(tif_packbits.obj)" или на "C:\Android\Cocos\cocos2d-x-3.17.2\NEW_PROJECTS_DIR\MyGame\proj.win32\Debug.win32\vc140.pdb"; компоновка объекта выполняется как при отсутствии отладочных данных
libtiff.lib(tif_predict.obj) : warning LNK4099: "vc140.pdb" PDB не найден с "libtiff.lib(tif_predict.obj)" или на "C:\Android\Cocos\cocos2d-x-3.17.2\NEW_PROJECTS_DIR\MyGame\proj.win32\Debug.win32\vc140.pdb"; компоновка объекта выполняется как при отсутствии отладочных данных
libtiff.lib(tif_read.obj) : warning LNK4099: "vc140.pdb" PDB не найден с "libtiff.lib(tif_read.obj)" или на "C:\Android\Cocos\cocos2d-x-3.17.2\NEW_PROJECTS_DIR\MyGame\proj.win32\Debug.win32\vc140.pdb"; компоновка объекта выполняется как при отсутствии отладочных данных
libtiff.lib(tif_swab.obj) : warning LNK4099: "vc140.pdb" PDB не найден с "libtiff.lib(tif_swab.obj)" или на "C:\Android\Cocos\cocos2d-x-3.17.2\NEW_PROJECTS_DIR\MyGame\proj.win32\Debug.win32\vc140.pdb"; компоновка объекта выполняется как при отсутствии отладочных данных
libtiff.lib(tif_strip.obj) : warning LNK4099: "vc140.pdb" PDB не найден с "libtiff.lib(tif_strip.obj)" или на "C:\Android\Cocos\cocos2d-x-3.17.2\NEW_PROJECTS_DIR\MyGame\proj.win32\Debug.win32\vc140.pdb"; компоновка объекта выполняется как при отсутствии отладочных данных
libtiff.lib(tif_thunder.obj) : warning LNK4099: "vc140.pdb" PDB не найден с "libtiff.lib(tif_thunder.obj)" или на "C:\Android\Cocos\cocos2d-x-3.17.2\NEW_PROJECTS_DIR\MyGame\proj.win32\Debug.win32\vc140.pdb"; компоновка объекта выполняется как при отсутствии отладочных данных
libtiff.lib(tif_tile.obj) : warning LNK4099: "vc140.pdb" PDB не найден с "libtiff.lib(tif_tile.obj)" или на "C:\Android\Cocos\cocos2d-x-3.17.2\NEW_PROJECTS_DIR\MyGame\proj.win32\Debug.win32\vc140.pdb"; компоновка объекта выполняется как при отсутствии отладочных данных
libtiff.lib(tif_warning.obj) : warning LNK4099: "vc140.pdb" PDB не найден с "libtiff.lib(tif_warning.obj)" или на "C:\Android\Cocos\cocos2d-x-3.17.2\NEW_PROJECTS_DIR\MyGame\proj.win32\Debug.win32\vc140.pdb"; компоновка объекта выполняется как при отсутствии отладочных данных
libtiff.lib(tif_write.obj) : warning LNK4099: "vc140.pdb" PDB не найден с "libtiff.lib(tif_write.obj)" или на "C:\Android\Cocos\cocos2d-x-3.17.2\NEW_PROJECTS_DIR\MyGame\proj.win32\Debug.win32\vc140.pdb"; компоновка объекта выполняется как при отсутствии отладочных данных
libtiff.lib(tif_win32.obj) : warning LNK4099: "vc140.pdb" PDB не найден с "libtiff.lib(tif_win32.obj)" или на "C:\Android\Cocos\cocos2d-x-3.17.2\NEW_PROJECTS_DIR\MyGame\proj.win32\Debug.win32\vc140.pdb"; компоновка объекта выполняется как при отсутствии отладочных данных
libchipmunk.lib(chipmunk.obj) : warning LNK4099: "chipmunk_static.pdb" PDB не найден с "libchipmunk.lib(chipmunk.obj)" или на "C:\Android\Cocos\cocos2d-x-3.17.2\NEW_PROJECTS_DIR\MyGame\proj.win32\Debug.win32\chipmunk_static.pdb"; компоновка объекта выполняется как при отсутствии отладочных данных
libchipmunk.lib(cpArbiter.obj) : warning LNK4099: "chipmunk_static.pdb" PDB не найден с "libchipmunk.lib(cpArbiter.obj)" или на "C:\Android\Cocos\cocos2d-x-3.17.2\NEW_PROJECTS_DIR\MyGame\proj.win32\Debug.win32\chipmunk_static.pdb"; компоновка объекта выполняется как при отсутствии отладочных данных
libchipmunk.lib(cpArray.obj) : warning LNK4099: "chipmunk_static.pdb" PDB не найден с "libchipmunk.lib(cpArray.obj)" или на "C:\Android\Cocos\cocos2d-x-3.17.2\NEW_PROJECTS_DIR\MyGame\proj.win32\Debug.win32\chipmunk_static.pdb"; компоновка объекта выполняется как при отсутствии отладочных данных
libchipmunk.lib(cpBBTree.obj) : warning LNK4099: "chipmunk_static.pdb" PDB не найден с "libchipmunk.lib(cpBBTree.obj)" или на "C:\Android\Cocos\cocos2d-x-3.17.2\NEW_PROJECTS_DIR\MyGame\proj.win32\Debug.win32\chipmunk_static.pdb"; компоновка объекта выполняется как при отсутствии отладочных данных
libchipmunk.lib(cpBody.obj) : warning LNK4099: "chipmunk_static.pdb" PDB не найден с "libchipmunk.lib(cpBody.obj)" или на "C:\Android\Cocos\cocos2d-x-3.17.2\NEW_PROJECTS_DIR\MyGame\proj.win32\Debug.win32\chipmunk_static.pdb"; компоновка объекта выполняется как при отсутствии отладочных данных
libchipmunk.lib(cpCollision.obj) : warning LNK4099: "chipmunk_static.pdb" PDB не найден с "libchipmunk.lib(cpCollision.obj)" или на "C:\Android\Cocos\cocos2d-x-3.17.2\NEW_PROJECTS_DIR\MyGame\proj.win32\Debug.win32\chipmunk_static.pdb"; компоновка объекта выполняется как при отсутствии отладочных данных
libchipmunk.lib(cpConstraint.obj) : warning LNK4099: "chipmunk_static.pdb" PDB не найден с "libchipmunk.lib(cpConstraint.obj)" или на "C:\Android\Cocos\cocos2d-x-3.17.2\NEW_PROJECTS_DIR\MyGame\proj.win32\Debug.win32\chipmunk_static.pdb"; компоновка объекта выполняется как при отсутствии отладочных данных
libchipmunk.lib(cpDampedRotarySpring.obj) : warning LNK4099: "chipmunk_static.pdb" PDB не найден с "libchipmunk.lib(cpDampedRotarySpring.obj)" или на "C:\Android\Cocos\cocos2d-x-3.17.2\NEW_PROJECTS_DIR\MyGame\proj.win32\Debug.win32\chipmunk_static.pdb"; компоновка объекта выполняется как при отсутствии отладочных данных
libchipmunk.lib(cpDampedSpring.obj) : warning LNK4099: "chipmunk_static.pdb" PDB не найден с "libchipmunk.lib(cpDampedSpring.obj)" или на "C:\Android\Cocos\cocos2d-x-3.17.2\NEW_PROJECTS_DIR\MyGame\proj.win32\Debug.win32\chipmunk_static.pdb"; компоновка объекта выполняется как при отсутствии отладочных данных
libchipmunk.lib(cpGearJoint.obj) : warning LNK4099: "chipmunk_static.pdb" PDB не найден с "libchipmunk.lib(cpGearJoint.obj)" или на "C:\Android\Cocos\cocos2d-x-3.17.2\NEW_PROJECTS_DIR\MyGame\proj.win32\Debug.win32\chipmunk_static.pdb"; компоновка объекта выполняется как при отсутствии отладочных данных
libchipmunk.lib(cpGrooveJoint.obj) : warning LNK4099: "chipmunk_static.pdb" PDB не найден с "libchipmunk.lib(cpGrooveJoint.obj)" или на "C:\Android\Cocos\cocos2d-x-3.17.2\NEW_PROJECTS_DIR\MyGame\proj.win32\Debug.win32\chipmunk_static.pdb"; компоновка объекта выполняется как при отсутствии отладочных данных
libchipmunk.lib(cpHashSet.obj) : warning LNK4099: "chipmunk_static.pdb" PDB не найден с "libchipmunk.lib(cpHashSet.obj)" или на "C:\Android\Cocos\cocos2d-x-3.17.2\NEW_PROJECTS_DIR\MyGame\proj.win32\Debug.win32\chipmunk_static.pdb"; компоновка объекта выполняется как при отсутствии отладочных данных
libchipmunk.lib(cpPinJoint.obj) : warning LNK4099: "chipmunk_static.pdb" PDB не найден с "libchipmunk.lib(cpPinJoint.obj)" или на "C:\Android\Cocos\cocos2d-x-3.17.2\NEW_PROJECTS_DIR\MyGame\proj.win32\Debug.win32\chipmunk_static.pdb"; компоновка объекта выполняется как при отсутствии отладочных данных
libchipmunk.lib(cpPivotJoint.obj) : warning LNK4099: "chipmunk_static.pdb" PDB не найден с "libchipmunk.lib(cpPivotJoint.obj)" или на "C:\Android\Cocos\cocos2d-x-3.17.2\NEW_PROJECTS_DIR\MyGame\proj.win32\Debug.win32\chipmunk_static.pdb"; компоновка объекта выполняется как при отсутствии отладочных данных
libchipmunk.lib(cpPolyShape.obj) : warning LNK4099: "chipmunk_static.pdb" PDB не найден с "libchipmunk.lib(cpPolyShape.obj)" или на "C:\Android\Cocos\cocos2d-x-3.17.2\NEW_PROJECTS_DIR\MyGame\proj.win32\Debug.win32\chipmunk_static.pdb"; компоновка объекта выполняется как при отсутствии отладочных данных
libchipmunk.lib(cpRatchetJoint.obj) : warning LNK4099: "chipmunk_static.pdb" PDB не найден с "libchipmunk.lib(cpRatchetJoint.obj)" или на "C:\Android\Cocos\cocos2d-x-3.17.2\NEW_PROJECTS_DIR\MyGame\proj.win32\Debug.win32\chipmunk_static.pdb"; компоновка объекта выполняется как при отсутствии отладочных данных
libchipmunk.lib(cpRobust.obj) : warning LNK4099: "chipmunk_static.pdb" PDB не найден с "libchipmunk.lib(cpRobust.obj)" или на "C:\Android\Cocos\cocos2d-x-3.17.2\NEW_PROJECTS_DIR\MyGame\proj.win32\Debug.win32\chipmunk_static.pdb"; компоновка объекта выполняется как при отсутствии отладочных данных
libchipmunk.lib(cpRotaryLimitJoint.obj) : warning LNK4099: "chipmunk_static.pdb" PDB не найден с "libchipmunk.lib(cpRotaryLimitJoint.obj)" или на "C:\Android\Cocos\cocos2d-x-3.17.2\NEW_PROJECTS_DIR\MyGame\proj.win32\Debug.win32\chipmunk_static.pdb"; компоновка объекта выполняется как при отсутствии отладочных данных
libchipmunk.lib(cpShape.obj) : warning LNK4099: "chipmunk_static.pdb" PDB не найден с "libchipmunk.lib(cpShape.obj)" или на "C:\Android\Cocos\cocos2d-x-3.17.2\NEW_PROJECTS_DIR\MyGame\proj.win32\Debug.win32\chipmunk_static.pdb"; компоновка объекта выполняется как при отсутствии отладочных данных
libchipmunk.lib(cpSimpleMotor.obj) : warning LNK4099: "chipmunk_static.pdb" PDB не найден с "libchipmunk.lib(cpSimpleMotor.obj)" или на "C:\Android\Cocos\cocos2d-x-3.17.2\NEW_PROJECTS_DIR\MyGame\proj.win32\Debug.win32\chipmunk_static.pdb"; компоновка объекта выполняется как при отсутствии отладочных данных
libchipmunk.lib(cpSlideJoint.obj) : warning LNK4099: "chipmunk_static.pdb" PDB не найден с "libchipmunk.lib(cpSlideJoint.obj)" или на "C:\Android\Cocos\cocos2d-x-3.17.2\NEW_PROJECTS_DIR\MyGame\proj.win32\Debug.win32\chipmunk_static.pdb"; компоновка объекта выполняется как при отсутствии отладочных данных
libchipmunk.lib(cpSpace.obj) : warning LNK4099: "chipmunk_static.pdb" PDB не найден с "libchipmunk.lib(cpSpace.obj)" или на "C:\Android\Cocos\cocos2d-x-3.17.2\NEW_PROJECTS_DIR\MyGame\proj.win32\Debug.win32\chipmunk_static.pdb"; компоновка объекта выполняется как при отсутствии отладочных данных
libchipmunk.lib(cpSpaceComponent.obj) : warning LNK4099: "chipmunk_static.pdb" PDB не найден с "libchipmunk.lib(cpSpaceComponent.obj)" или на "C:\Android\Cocos\cocos2d-x-3.17.2\NEW_PROJECTS_DIR\MyGame\proj.win32\Debug.win32\chipmunk_static.pdb"; компоновка объекта выполняется как при отсутствии отладочных данных
libchipmunk.lib(cpSpaceDebug.obj) : warning LNK4099: "chipmunk_static.pdb" PDB не найден с "libchipmunk.lib(cpSpaceDebug.obj)" или на "C:\Android\Cocos\cocos2d-x-3.17.2\NEW_PROJECTS_DIR\MyGame\proj.win32\Debug.win32\chipmunk_static.pdb"; компоновка объекта выполняется как при отсутствии отладочных данных
libchipmunk.lib(cpSpaceHash.obj) : warning LNK4099: "chipmunk_static.pdb" PDB не найден с "libchipmunk.lib(cpSpaceHash.obj)" или на "C:\Android\Cocos\cocos2d-x-3.17.2\NEW_PROJECTS_DIR\MyGame\proj.win32\Debug.win32\chipmunk_static.pdb"; компоновка объекта выполняется как при отсутствии отладочных данных
libchipmunk.lib(cpSpaceQuery.obj) : warning LNK4099: "chipmunk_static.pdb" PDB не найден с "libchipmunk.lib(cpSpaceQuery.obj)" или на "C:\Android\Cocos\cocos2d-x-3.17.2\NEW_PROJECTS_DIR\MyGame\proj.win32\Debug.win32\chipmunk_static.pdb"; компоновка объекта выполняется как при отсутствии отладочных данных
libchipmunk.lib(cpSpaceStep.obj) : warning LNK4099: "chipmunk_static.pdb" PDB не найден с "libchipmunk.lib(cpSpaceStep.obj)" или на "C:\Android\Cocos\cocos2d-x-3.17.2\NEW_PROJECTS_DIR\MyGame\proj.win32\Debug.win32\chipmunk_static.pdb"; компоновка объекта выполняется как при отсутствии отладочных данных
libchipmunk.lib(cpSpatialIndex.obj) : warning LNK4099: "chipmunk_static.pdb" PDB не найден с "libchipmunk.lib(cpSpatialIndex.obj)" или на "C:\Android\Cocos\cocos2d-x-3.17.2\NEW_PROJECTS_DIR\MyGame\proj.win32\Debug.win32\chipmunk_static.pdb"; компоновка объекта выполняется как при отсутствии отладочных данных
libbullet.lib(btCollisionAlgorithm.obj) : warning LNK4099: "libbullet.pdb" PDB не найден с "libbullet.lib(btCollisionAlgorithm.obj)" или на "C:\Android\Cocos\cocos2d-x-3.17.2\NEW_PROJECTS_DIR\MyGame\proj.win32\Debug.win32\libbullet.pdb"; компоновка объекта выполняется как при отсутствии отладочных данных
libbullet.lib(btDbvt.obj) : warning LNK4099: "libbullet.pdb" PDB не найден с "libbullet.lib(btDbvt.obj)" или на "C:\Android\Cocos\cocos2d-x-3.17.2\NEW_PROJECTS_DIR\MyGame\proj.win32\Debug.win32\libbullet.pdb"; компоновка объекта выполняется как при отсутствии отладочных данных
libbullet.lib(btDbvtBroadphase.obj) : warning LNK4099: "libbullet.pdb" PDB не найден с "libbullet.lib(btDbvtBroadphase.obj)" или на "C:\Android\Cocos\cocos2d-x-3.17.2\NEW_PROJECTS_DIR\MyGame\proj.win32\Debug.win32\libbullet.pdb"; компоновка объекта выполняется как при отсутствии отладочных данных
libbullet.lib(btDispatcher.obj) : warning LNK4099: "libbullet.pdb" PDB не найден с "libbullet.lib(btDispatcher.obj)" или на "C:\Android\Cocos\cocos2d-x-3.17.2\NEW_PROJECTS_DIR\MyGame\proj.win32\Debug.win32\libbullet.pdb"; компоновка объекта выполняется как при отсутствии отладочных данных
libbullet.lib(btOverlappingPairCache.obj) : warning LNK4099: "libbullet.pdb" PDB не найден с "libbullet.lib(btOverlappingPairCache.obj)" или на "C:\Android\Cocos\cocos2d-x-3.17.2\NEW_PROJECTS_DIR\MyGame\proj.win32\Debug.win32\libbullet.pdb"; компоновка объекта выполняется как при отсутствии отладочных данных
libbullet.lib(btQuantizedBvh.obj) : warning LNK4099: "libbullet.pdb" PDB не найден с "libbullet.lib(btQuantizedBvh.obj)" или на "C:\Android\Cocos\cocos2d-x-3.17.2\NEW_PROJECTS_DIR\MyGame\proj.win32\Debug.win32\libbullet.pdb"; компоновка объекта выполняется как при отсутствии отладочных данных
libbullet.lib(btActivatingCollisionAlgorithm.obj) : warning LNK4099: "libbullet.pdb" PDB не найден с "libbullet.lib(btActivatingCollisionAlgorithm.obj)" или на "C:\Android\Cocos\cocos2d-x-3.17.2\NEW_PROJECTS_DIR\MyGame\proj.win32\Debug.win32\libbullet.pdb"; компоновка объекта выполняется как при отсутствии отладочных данных
libbullet.lib(btBoxBoxCollisionAlgorithm.obj) : warning LNK4099: "libbullet.pdb" PDB не найден с "libbullet.lib(btBoxBoxCollisionAlgorithm.obj)" или на "C:\Android\Cocos\cocos2d-x-3.17.2\NEW_PROJECTS_DIR\MyGame\proj.win32\Debug.win32\libbullet.pdb"; компоновка объекта выполняется как при отсутствии отладочных данных
libbullet.lib(btBoxBoxDetector.obj) : warning LNK4099: "libbullet.pdb" PDB не найден с "libbullet.lib(btBoxBoxDetector.obj)" или на "C:\Android\Cocos\cocos2d-x-3.17.2\NEW_PROJECTS_DIR\MyGame\proj.win32\Debug.win32\libbullet.pdb"; компоновка объекта выполняется как при отсутствии отладочных данных
libbullet.lib(btCollisionDispatcher.obj) : warning LNK4099: "libbullet.pdb" PDB не найден с "libbullet.lib(btCollisionDispatcher.obj)" или на "C:\Android\Cocos\cocos2d-x-3.17.2\NEW_PROJECTS_DIR\MyGame\proj.win32\Debug.win32\libbullet.pdb"; компоновка объекта выполняется как при отсутствии отладочных данных
libbullet.lib(btCollisionObject.obj) : warning LNK4099: "libbullet.pdb" PDB не найден с "libbullet.lib(btCollisionObject.obj)" или на "C:\Android\Cocos\cocos2d-x-3.17.2\NEW_PROJECTS_DIR\MyGame\proj.win32\Debug.win32\libbullet.pdb"; компоновка объекта выполняется как при отсутствии отладочных данных
libbullet.lib(btCollisionWorld.obj) : warning LNK4099: "libbullet.pdb" PDB не найден с "libbullet.lib(btCollisionWorld.obj)" или на "C:\Android\Cocos\cocos2d-x-3.17.2\NEW_PROJECTS_DIR\MyGame\proj.win32\Debug.win32\libbullet.pdb"; компоновка объекта выполняется как при отсутствии отладочных данных
libbullet.lib(btCompoundCollisionAlgorithm.obj) : warning LNK4099: "libbullet.pdb" PDB не найден с "libbullet.lib(btCompoundCollisionAlgorithm.obj)" или на "C:\Android\Cocos\cocos2d-x-3.17.2\NEW_PROJECTS_DIR\MyGame\proj.win32\Debug.win32\libbullet.pdb"; компоновка объекта выполняется как при отсутствии отладочных данных
libbullet.lib(btCompoundCompoundCollisionAlgorithm.obj) : warning LNK4099: "libbullet.pdb" PDB не найден с "libbullet.lib(btCompoundCompoundCollisionAlgorithm.obj)" или на "C:\Android\Cocos\cocos2d-x-3.17.2\NEW_PROJECTS_DIR\MyGame\proj.win32\Debug.win32\libbullet.pdb"; компоновка объекта выполняется как при отсутствии отладочных данных
libbullet.lib(btConvexConcaveCollisionAlgorithm.obj) : warning LNK4099: "libbullet.pdb" PDB не найден с "libbullet.lib(btConvexConcaveCollisionAlgorithm.obj)" или на "C:\Android\Cocos\cocos2d-x-3.17.2\NEW_PROJECTS_DIR\MyGame\proj.win32\Debug.win32\libbullet.pdb"; компоновка объекта выполняется как при отсутствии отладочных данных
libbullet.lib(btConvexConvexAlgorithm.obj) : warning LNK4099: "libbullet.pdb" PDB не найден с "libbullet.lib(btConvexConvexAlgorithm.obj)" или на "C:\Android\Cocos\cocos2d-x-3.17.2\NEW_PROJECTS_DIR\MyGame\proj.win32\Debug.win32\libbullet.pdb"; компоновка объекта выполняется как при отсутствии отладочных данных
libbullet.lib(btConvexPlaneCollisionAlgorithm.obj) : warning LNK4099: "libbullet.pdb" PDB не найден с "libbullet.lib(btConvexPlaneCollisionAlgorithm.obj)" или на "C:\Android\Cocos\cocos2d-x-3.17.2\NEW_PROJECTS_DIR\MyGame\proj.win32\Debug.win32\libbullet.pdb"; компоновка объекта выполняется как при отсутствии отладочных данных
libbullet.lib(btDefaultCollisionConfiguration.obj) : warning LNK4099: "libbullet.pdb" PDB не найден с "libbullet.lib(btDefaultCollisionConfiguration.obj)" или на "C:\Android\Cocos\cocos2d-x-3.17.2\NEW_PROJECTS_DIR\MyGame\proj.win32\Debug.win32\libbullet.pdb"; компоновка объекта выполняется как при отсутствии отладочных данных
libbullet.lib(btEmptyCollisionAlgorithm.obj) : warning LNK4099: "libbullet.pdb" PDB не найден с "libbullet.lib(btEmptyCollisionAlgorithm.obj)" или на "C:\Android\Cocos\cocos2d-x-3.17.2\NEW_PROJECTS_DIR\MyGame\proj.win32\Debug.win32\libbullet.pdb"; компоновка объекта выполняется как при отсутствии отладочных данных
libbullet.lib(btGhostObject.obj) : warning LNK4099: "libbullet.pdb" PDB не найден с "libbullet.lib(btGhostObject.obj)" или на "C:\Android\Cocos\cocos2d-x-3.17.2\NEW_PROJECTS_DIR\MyGame\proj.win32\Debug.win32\libbullet.pdb"; компоновка объекта выполняется как при отсутствии отладочных данных
libbullet.lib(btHashedSimplePairCache.obj) : warning LNK4099: "libbullet.pdb" PDB не найден с "libbullet.lib(btHashedSimplePairCache.obj)" или на "C:\Android\Cocos\cocos2d-x-3.17.2\NEW_PROJECTS_DIR\MyGame\proj.win32\Debug.win32\libbullet.pdb"; компоновка объекта выполняется как при отсутствии отладочных данных
libbullet.lib(btManifoldResult.obj) : warning LNK4099: "libbullet.pdb" PDB не найден с "libbullet.lib(btManifoldResult.obj)" или на "C:\Android\Cocos\cocos2d-x-3.17.2\NEW_PROJECTS_DIR\MyGame\proj.win32\Debug.win32\libbullet.pdb"; компоновка объекта выполняется как при отсутствии отладочных данных
libbullet.lib(btSimulationIslandManager.obj) : warning LNK4099: "libbullet.pdb" PDB не найден с "libbullet.lib(btSimulationIslandManager.obj)" или на "C:\Android\Cocos\cocos2d-x-3.17.2\NEW_PROJECTS_DIR\MyGame\proj.win32\Debug.win32\libbullet.pdb"; компоновка объекта выполняется как при отсутствии отладочных данных
libbullet.lib(btSphereSphereCollisionAlgorithm.obj) : warning LNK4099: "libbullet.pdb" PDB не найден с "libbullet.lib(btSphereSphereCollisionAlgorithm.obj)" или на "C:\Android\Cocos\cocos2d-x-3.17.2\NEW_PROJECTS_DIR\MyGame\proj.win32\Debug.win32\libbullet.pdb"; компоновка объекта выполняется как при отсутствии отладочных данных
libbullet.lib(btSphereTriangleCollisionAlgorithm.obj) : warning LNK4099: "libbullet.pdb" PDB не найден с "libbullet.lib(btSphereTriangleCollisionAlgorithm.obj)" или на "C:\Android\Cocos\cocos2d-x-3.17.2\NEW_PROJECTS_DIR\MyGame\proj.win32\Debug.win32\libbullet.pdb"; компоновка объекта выполняется как при отсутствии отладочных данных
libbullet.lib(btUnionFind.obj) : warning LNK4099: "libbullet.pdb" PDB не найден с "libbullet.lib(btUnionFind.obj)" или на "C:\Android\Cocos\cocos2d-x-3.17.2\NEW_PROJECTS_DIR\MyGame\proj.win32\Debug.win32\libbullet.pdb"; компоновка объекта выполняется как при отсутствии отладочных данных
libbullet.lib(SphereTriangleDetector.obj) : warning LNK4099: "libbullet.pdb" PDB не найден с "libbullet.lib(SphereTriangleDetector.obj)" или на "C:\Android\Cocos\cocos2d-x-3.17.2\NEW_PROJECTS_DIR\MyGame\proj.win32\Debug.win32\libbullet.pdb"; компоновка объекта выполняется как при отсутствии отладочных данных
libbullet.lib(btBoxShape.obj) : warning LNK4099: "libbullet.pdb" PDB не найден с "libbullet.lib(btBoxShape.obj)" или на "C:\Android\Cocos\cocos2d-x-3.17.2\NEW_PROJECTS_DIR\MyGame\proj.win32\Debug.win32\libbullet.pdb"; компоновка объекта выполняется как при отсутствии отладочных данных
libbullet.lib(btBvhTriangleMeshShape.obj) : warning LNK4099: "libbullet.pdb" PDB не найден с "libbullet.lib(btBvhTriangleMeshShape.obj)" или на "C:\Android\Cocos\cocos2d-x-3.17.2\NEW_PROJECTS_DIR\MyGame\proj.win32\Debug.win32\libbullet.pdb"; компоновка объекта выполняется как при отсутствии отладочных данных
libbullet.lib(btCapsuleShape.obj) : warning LNK4099: "libbullet.pdb" PDB не найден с "libbullet.lib(btCapsuleShape.obj)" или на "C:\Android\Cocos\cocos2d-x-3.17.2\NEW_PROJECTS_DIR\MyGame\proj.win32\Debug.win32\libbullet.pdb"; компоновка объекта выполняется как при отсутствии отладочных данных
libbullet.lib(btCollisionShape.obj) : warning LNK4099: "libbullet.pdb" PDB не найден с "libbullet.lib(btCollisionShape.obj)" или на "C:\Android\Cocos\cocos2d-x-3.17.2\NEW_PROJECTS_DIR\MyGame\proj.win32\Debug.win32\libbullet.pdb"; компоновка объекта выполняется как при отсутствии отладочных данных
libbullet.lib(btCompoundShape.obj) : warning LNK4099: "libbullet.pdb" PDB не найден с "libbullet.lib(btCompoundShape.obj)" или на "C:\Android\Cocos\cocos2d-x-3.17.2\NEW_PROJECTS_DIR\MyGame\proj.win32\Debug.win32\libbullet.pdb"; компоновка объекта выполняется как при отсутствии отладочных данных
libbullet.lib(btConcaveShape.obj) : warning LNK4099: "libbullet.pdb" PDB не найден с "libbullet.lib(btConcaveShape.obj)" или на "C:\Android\Cocos\cocos2d-x-3.17.2\NEW_PROJECTS_DIR\MyGame\proj.win32\Debug.win32\libbullet.pdb"; компоновка объекта выполняется как при отсутствии отладочных данных
libbullet.lib(btConvexHullShape.obj) : warning LNK4099: "libbullet.pdb" PDB не найден с "libbullet.lib(btConvexHullShape.obj)" или на "C:\Android\Cocos\cocos2d-x-3.17.2\NEW_PROJECTS_DIR\MyGame\proj.win32\Debug.win32\libbullet.pdb"; компоновка объекта выполняется как при отсутствии отладочных данных
libbullet.lib(btConvexInternalShape.obj) : warning LNK4099: "libbullet.pdb" PDB не найден с "libbullet.lib(btConvexInternalShape.obj)" или на "C:\Android\Cocos\cocos2d-x-3.17.2\NEW_PROJECTS_DIR\MyGame\proj.win32\Debug.win32\libbullet.pdb"; компоновка объекта выполняется как при отсутствии отладочных данных
libbullet.lib(btConvexPolyhedron.obj) : warning LNK4099: "libbullet.pdb" PDB не найден с "libbullet.lib(btConvexPolyhedron.obj)" или на "C:\Android\Cocos\cocos2d-x-3.17.2\NEW_PROJECTS_DIR\MyGame\proj.win32\Debug.win32\libbullet.pdb"; компоновка объекта выполняется как при отсутствии отладочных данных
libbullet.lib(btConvexShape.obj) : warning LNK4099: "libbullet.pdb" PDB не найден с "libbullet.lib(btConvexShape.obj)" или на "C:\Android\Cocos\cocos2d-x-3.17.2\NEW_PROJECTS_DIR\MyGame\proj.win32\Debug.win32\libbullet.pdb"; компоновка объекта выполняется как при отсутствии отладочных данных
libbullet.lib(btCylinderShape.obj) : warning LNK4099: "libbullet.pdb" PDB не найден с "libbullet.lib(btCylinderShape.obj)" или на "C:\Android\Cocos\cocos2d-x-3.17.2\NEW_PROJECTS_DIR\MyGame\proj.win32\Debug.win32\libbullet.pdb"; компоновка объекта выполняется как при отсутствии отладочных данных
libbullet.lib(btHeightfieldTerrainShape.obj) : warning LNK4099: "libbullet.pdb" PDB не найден с "libbullet.lib(btHeightfieldTerrainShape.obj)" или на "C:\Android\Cocos\cocos2d-x-3.17.2\NEW_PROJECTS_DIR\MyGame\proj.win32\Debug.win32\libbullet.pdb"; компоновка объекта выполняется как при отсутствии отладочных данных
libbullet.lib(btOptimizedBvh.obj) : warning LNK4099: "libbullet.pdb" PDB не найден с "libbullet.lib(btOptimizedBvh.obj)" или на "C:\Android\Cocos\cocos2d-x-3.17.2\NEW_PROJECTS_DIR\MyGame\proj.win32\Debug.win32\libbullet.pdb"; компоновка объекта выполняется как при отсутствии отладочных данных
libbullet.lib(btPolyhedralConvexShape.obj) : warning LNK4099: "libbullet.pdb" PDB не найден с "libbullet.lib(btPolyhedralConvexShape.obj)" или на "C:\Android\Cocos\cocos2d-x-3.17.2\NEW_PROJECTS_DIR\MyGame\proj.win32\Debug.win32\libbullet.pdb"; компоновка объекта выполняется как при отсутствии отладочных данных
libbullet.lib(btSphereShape.obj) : warning LNK4099: "libbullet.pdb" PDB не найден с "libbullet.lib(btSphereShape.obj)" или на "C:\Android\Cocos\cocos2d-x-3.17.2\NEW_PROJECTS_DIR\MyGame\proj.win32\Debug.win32\libbullet.pdb"; компоновка объекта выполняется как при отсутствии отладочных данных
libbullet.lib(btStridingMeshInterface.obj) : warning LNK4099: "libbullet.pdb" PDB не найден с "libbullet.lib(btStridingMeshInterface.obj)" или на "C:\Android\Cocos\cocos2d-x-3.17.2\NEW_PROJECTS_DIR\MyGame\proj.win32\Debug.win32\libbullet.pdb"; компоновка объекта выполняется как при отсутствии отладочных данных
libbullet.lib(btTriangleCallback.obj) : warning LNK4099: "libbullet.pdb" PDB не найден с "libbullet.lib(btTriangleCallback.obj)" или на "C:\Android\Cocos\cocos2d-x-3.17.2\NEW_PROJECTS_DIR\MyGame\proj.win32\Debug.win32\libbullet.pdb"; компоновка объекта выполняется как при отсутствии отладочных данных
libbullet.lib(btTriangleIndexVertexArray.obj) : warning LNK4099: "libbullet.pdb" PDB не найден с "libbullet.lib(btTriangleIndexVertexArray.obj)" или на "C:\Android\Cocos\cocos2d-x-3.17.2\NEW_PROJECTS_DIR\MyGame\proj.win32\Debug.win32\libbullet.pdb"; компоновка объекта выполняется как при отсутствии отладочных данных
libbullet.lib(btTriangleMesh.obj) : warning LNK4099: "libbullet.pdb" PDB не найден с "libbullet.lib(btTriangleMesh.obj)" или на "C:\Android\Cocos\cocos2d-x-3.17.2\NEW_PROJECTS_DIR\MyGame\proj.win32\Debug.win32\libbullet.pdb"; компоновка объекта выполняется как при отсутствии отладочных данных
libbullet.lib(btTriangleMeshShape.obj) : warning LNK4099: "libbullet.pdb" PDB не найден с "libbullet.lib(btTriangleMeshShape.obj)" или на "C:\Android\Cocos\cocos2d-x-3.17.2\NEW_PROJECTS_DIR\MyGame\proj.win32\Debug.win32\libbullet.pdb"; компоновка объекта выполняется как при отсутствии отладочных данных
libbullet.lib(btContinuousConvexCollision.obj) : warning LNK4099: "libbullet.pdb" PDB не найден с "libbullet.lib(btContinuousConvexCollision.obj)" или на "C:\Android\Cocos\cocos2d-x-3.17.2\NEW_PROJECTS_DIR\MyGame\proj.win32\Debug.win32\libbullet.pdb"; компоновка объекта выполняется как при отсутствии отладочных данных
libbullet.lib(btConvexCast.obj) : warning LNK4099: "libbullet.pdb" PDB не найден с "libbullet.lib(btConvexCast.obj)" или на "C:\Android\Cocos\cocos2d-x-3.17.2\NEW_PROJECTS_DIR\MyGame\proj.win32\Debug.win32\libbullet.pdb"; компоновка объекта выполняется как при отсутствии отладочных данных
libbullet.lib(btGjkConvexCast.obj) : warning LNK4099: "libbullet.pdb" PDB не найден с "libbullet.lib(btGjkConvexCast.obj)" или на "C:\Android\Cocos\cocos2d-x-3.17.2\NEW_PROJECTS_DIR\MyGame\proj.win32\Debug.win32\libbullet.pdb"; компоновка объекта выполняется как при отсутствии отладочных данных
libbullet.lib(btGjkEpa2.obj) : warning LNK4099: "libbullet.pdb" PDB не найден с "libbullet.lib(btGjkEpa2.obj)" или на "C:\Android\Cocos\cocos2d-x-3.17.2\NEW_PROJECTS_DIR\MyGame\proj.win32\Debug.win32\libbullet.pdb"; компоновка объекта выполняется как при отсутствии отладочных данных
libbullet.lib(btGjkEpaPenetrationDepthSolver.obj) : warning LNK4099: "libbullet.pdb" PDB не найден с "libbullet.lib(btGjkEpaPenetrationDepthSolver.obj)" или на "C:\Android\Cocos\cocos2d-x-3.17.2\NEW_PROJECTS_DIR\MyGame\proj.win32\Debug.win32\libbullet.pdb"; компоновка объекта выполняется как при отсутствии отладочных данных
libbullet.lib(btGjkPairDetector.obj) : warning LNK4099: "libbullet.pdb" PDB не найден с "libbullet.lib(btGjkPairDetector.obj)" или на "C:\Android\Cocos\cocos2d-x-3.17.2\NEW_PROJECTS_DIR\MyGame\proj.win32\Debug.win32\libbullet.pdb"; компоновка объекта выполняется как при отсутствии отладочных данных
libbullet.lib(btMinkowskiPenetrationDepthSolver.obj) : warning LNK4099: "libbullet.pdb" PDB не найден с "libbullet.lib(btMinkowskiPenetrationDepthSolver.obj)" или на "C:\Android\Cocos\cocos2d-x-3.17.2\NEW_PROJECTS_DIR\MyGame\proj.win32\Debug.win32\libbullet.pdb"; компоновка объекта выполняется как при отсутствии отладочных данных
libbullet.lib(btPersistentManifold.obj) : warning LNK4099: "libbullet.pdb" PDB не найден с "libbullet.lib(btPersistentManifold.obj)" или на "C:\Android\Cocos\cocos2d-x-3.17.2\NEW_PROJECTS_DIR\MyGame\proj.win32\Debug.win32\libbullet.pdb"; компоновка объекта выполняется как при отсутствии отладочных данных
libbullet.lib(btPolyhedralContactClipping.obj) : warning LNK4099: "libbullet.pdb" PDB не найден с "libbullet.lib(btPolyhedralContactClipping.obj)" или на "C:\Android\Cocos\cocos2d-x-3.17.2\NEW_PROJECTS_DIR\MyGame\proj.win32\Debug.win32\libbullet.pdb"; компоновка объекта выполняется как при отсутствии отладочных данных
libbullet.lib(btRaycastCallback.obj) : warning LNK4099: "libbullet.pdb" PDB не найден с "libbullet.lib(btRaycastCallback.obj)" или на "C:\Android\Cocos\cocos2d-x-3.17.2\NEW_PROJECTS_DIR\MyGame\proj.win32\Debug.win32\libbullet.pdb"; компоновка объекта выполняется как при отсутствии отладочных данных
libbullet.lib(btSubSimplexConvexCast.obj) : warning LNK4099: "libbullet.pdb" PDB не найден с "libbullet.lib(btSubSimplexConvexCast.obj)" или на "C:\Android\Cocos\cocos2d-x-3.17.2\NEW_PROJECTS_DIR\MyGame\proj.win32\Debug.win32\libbullet.pdb"; компоновка объекта выполняется как при отсутствии отладочных данных
libbullet.lib(btVoronoiSimplexSolver.obj) : warning LNK4099: "libbullet.pdb" PDB не найден с "libbullet.lib(btVoronoiSimplexSolver.obj)" или на "C:\Android\Cocos\cocos2d-x-3.17.2\NEW_PROJECTS_DIR\MyGame\proj.win32\Debug.win32\libbullet.pdb"; компоновка объекта выполняется как при отсутствии отладочных данных
libbullet.lib(btConeTwistConstraint.obj) : warning LNK4099: "libbullet.pdb" PDB не найден с "libbullet.lib(btConeTwistConstraint.obj)" или на "C:\Android\Cocos\cocos2d-x-3.17.2\NEW_PROJECTS_DIR\MyGame\proj.win32\Debug.win32\libbullet.pdb"; компоновка объекта выполняется как при отсутствии отладочных данных
libbullet.lib(btGeneric6DofConstraint.obj) : warning LNK4099: "libbullet.pdb" PDB не найден с "libbullet.lib(btGeneric6DofConstraint.obj)" или на "C:\Android\Cocos\cocos2d-x-3.17.2\NEW_PROJECTS_DIR\MyGame\proj.win32\Debug.win32\libbullet.pdb"; компоновка объекта выполняется как при отсутствии отладочных данных
libbullet.lib(btHingeConstraint.obj) : warning LNK4099: "libbullet.pdb" PDB не найден с "libbullet.lib(btHingeConstraint.obj)" или на "C:\Android\Cocos\cocos2d-x-3.17.2\NEW_PROJECTS_DIR\MyGame\proj.win32\Debug.win32\libbullet.pdb"; компоновка объекта выполняется как при отсутствии отладочных данных
libbullet.lib(btPoint2PointConstraint.obj) : warning LNK4099: "libbullet.pdb" PDB не найден с "libbullet.lib(btPoint2PointConstraint.obj)" или на "C:\Android\Cocos\cocos2d-x-3.17.2\NEW_PROJECTS_DIR\MyGame\proj.win32\Debug.win32\libbullet.pdb"; компоновка объекта выполняется как при отсутствии отладочных данных
libbullet.lib(btSequentialImpulseConstraintSolver.obj) : warning LNK4099: "libbullet.pdb" PDB не найден с "libbullet.lib(btSequentialImpulseConstraintSolver.obj)" или на "C:\Android\Cocos\cocos2d-x-3.17.2\NEW_PROJECTS_DIR\MyGame\proj.win32\Debug.win32\libbullet.pdb"; компоновка объекта выполняется как при отсутствии отладочных данных
libbullet.lib(btSliderConstraint.obj) : warning LNK4099: "libbullet.pdb" PDB не найден с "libbullet.lib(btSliderConstraint.obj)" или на "C:\Android\Cocos\cocos2d-x-3.17.2\NEW_PROJECTS_DIR\MyGame\proj.win32\Debug.win32\libbullet.pdb"; компоновка объекта выполняется как при отсутствии отладочных данных
libbullet.lib(btTypedConstraint.obj) : warning LNK4099: "libbullet.pdb" PDB не найден с "libbullet.lib(btTypedConstraint.obj)" или на "C:\Android\Cocos\cocos2d-x-3.17.2\NEW_PROJECTS_DIR\MyGame\proj.win32\Debug.win32\libbullet.pdb"; компоновка объекта выполняется как при отсутствии отладочных данных
libbullet.lib(btDiscreteDynamicsWorld.obj) : warning LNK4099: "libbullet.pdb" PDB не найден с "libbullet.lib(btDiscreteDynamicsWorld.obj)" или на "C:\Android\Cocos\cocos2d-x-3.17.2\NEW_PROJECTS_DIR\MyGame\proj.win32\Debug.win32\libbullet.pdb"; компоновка объекта выполняется как при отсутствии отладочных данных
libbullet.lib(btRigidBody.obj) : warning LNK4099: "libbullet.pdb" PDB не найден с "libbullet.lib(btRigidBody.obj)" или на "C:\Android\Cocos\cocos2d-x-3.17.2\NEW_PROJECTS_DIR\MyGame\proj.win32\Debug.win32\libbullet.pdb"; компоновка объекта выполняется как при отсутствии отладочных данных
libbullet.lib(btAlignedAllocator.obj) : warning LNK4099: "libbullet.pdb" PDB не найден с "libbullet.lib(btAlignedAllocator.obj)" или на "C:\Android\Cocos\cocos2d-x-3.17.2\NEW_PROJECTS_DIR\MyGame\proj.win32\Debug.win32\libbullet.pdb"; компоновка объекта выполняется как при отсутствии отладочных данных
libbullet.lib(btConvexHullComputer.obj) : warning LNK4099: "libbullet.pdb" PDB не найден с "libbullet.lib(btConvexHullComputer.obj)" или на "C:\Android\Cocos\cocos2d-x-3.17.2\NEW_PROJECTS_DIR\MyGame\proj.win32\Debug.win32\libbullet.pdb"; компоновка объекта выполняется как при отсутствии отладочных данных
libbullet.lib(btGeometryUtil.obj) : warning LNK4099: "libbullet.pdb" PDB не найден с "libbullet.lib(btGeometryUtil.obj)" или на "C:\Android\Cocos\cocos2d-x-3.17.2\NEW_PROJECTS_DIR\MyGame\proj.win32\Debug.win32\libbullet.pdb"; компоновка объекта выполняется как при отсутствии отладочных данных
libbullet.lib(btQuickprof.obj) : warning LNK4099: "libbullet.pdb" PDB не найден с "libbullet.lib(btQuickprof.obj)" или на "C:\Android\Cocos\cocos2d-x-3.17.2\NEW_PROJECTS_DIR\MyGame\proj.win32\Debug.win32\libbullet.pdb"; компоновка объекта выполняется как при отсутствии отладочных данных
libbullet.lib(btVector3.obj) : warning LNK4099: "libbullet.pdb" PDB не найден с "libbullet.lib(btVector3.obj)" или на "C:\Android\Cocos\cocos2d-x-3.17.2\NEW_PROJECTS_DIR\MyGame\proj.win32\Debug.win32\libbullet.pdb"; компоновка объекта выполняется как при отсутствии отладочных данных
  libcocos2d.vcxproj -> C:\Android\Cocos\cocos2d-x-3.17.2\NEW_PROJECTS_DIR\MyGame\proj.win32\Debug.win32\libcocos2d.dll
